Log file open, 07/24/16 14:39:31
LogInit:Display: Running engine for game: CheriPlates
LogPlatformFile: Not using cached read wrapper
LogInit:Display: RandInit(-49770065) SRandInit(-49770063).
LogTaskGraph: Started task graph with 4 named threads and 7 total threads with 1 sets of task threads.
LogStats: Stats thread started at 0.064468
LogInit: Version: 4.12.5-3039270+++UE4+Release-4.12
LogInit: API Version: 2992821
LogInit: Net Version: 3039270
LogDevObjectVersion: Number of dev versions registered: 13
LogDevObjectVersion:   Dev-Blueprints (B0D832E4-1F89-4F0D-ACCF-7EB736FD4AA2): 3
LogDevObjectVersion:   Dev-Build (E1C64328-A22C-4D53-A36C-8E866417BD8C): 0
LogDevObjectVersion:   Dev-Core (375EC13C-06E4-48FB-B500-84F0262A717E): 1
LogDevObjectVersion:   Dev-Editor (E4B068ED-F494-42E9-A231-DA0B2E46BB41): 2
LogDevObjectVersion:   Dev-Framework (CFFC743F-43B0-4480-9391-14DF171D2073): 6
LogDevObjectVersion:   Dev-Mobile (B02B49B5-BB20-44E9-A304-32B752E40360): 0
LogDevObjectVersion:   Dev-Networking (A4E4105C-59A1-49B5-A7C5-40C4547EDFEE): 0
LogDevObjectVersion:   Dev-Online (39C831C9-5AE6-47DC-9A44-9C173E1C8E7C): 0
LogDevObjectVersion:   Dev-Physics (78F01B33-EBEA-4F98-B9B4-84EACCB95AA2): 0
LogDevObjectVersion:   Dev-Platform (6631380F-2D4D-43E0-8009-CF276956A95A): 0
LogDevObjectVersion:   Dev-Rendering (12F88B9F-8875-4AFC-A67C-D90C383ABD29): 2
LogDevObjectVersion:   Dev-Sequencer (7B5AE74C-D270-4C10-A958-57980B212A5A): 0
LogDevObjectVersion:   Dev-VR (D7296918-1DD6-4BDD-9DE2-64A83CC13884): 0
LogInit: Compiled (64-bit): Jul  6 2016 09:09:46
LogInit: Compiled with Visual C++: 19.00.23026.00
LogInit: Build Configuration: Development
LogInit: Branch Name: ++UE4+Release-4.12
LogInit: Command line: -EpicPortal 
LogInit: Base directory: D:/Programs/Epic Games/4.12/Engine/Binaries/Win64/
LogInit: Installed Engine Build: 1
LogInit: Using libcurl 7.41.0
LogInit:  - built for x86_64-pc-win32
LogInit:  - supports SSL with WinSSL
LogInit:  - other features:
LogInit:      CURL_VERSION_SSL
LogInit:      CURL_VERSION_IPV6
LogInit:      CURL_VERSION_ASYNCHDNS
LogInit:      CURL_VERSION_LARGEFILE
LogInit:      CURL_VERSION_IDN
LogInit:  CurlRequestOptions (configurable via config and command line):
LogInit:  - bVerifyPeer = true  - Libcurl will verify peer certificate
LogInit:  - bUseHttpProxy = false  - Libcurl will NOT use HTTP proxy
LogInit:  - bDontReuseConnections = false  - Libcurl will reuse connections
LogInit:  - CertBundlePath = nullptr  - Libcurl will use whatever was configured at build time.
LogInit: Presizing for max 8388607 objects, including 0 objects not considered by GC, pre-allocating 0 bytes for permanent pool.
LogInit: Object subsystem initialized
[2016.07.24-13.39.31:451][  0]LogInit: Selected Device Profile: [Windows]
[2016.07.24-13.39.31:451][  0]LogInit: Applying CVar settings loaded from the selected device profile: [Windows]
[2016.07.24-13.39.31:460][  0]LogInit: Computer: BLACKTORCH1
[2016.07.24-13.39.31:460][  0]LogInit: User: Daniel
[2016.07.24-13.39.31:460][  0]LogInit: CPU Page size=65536, Cores=4
[2016.07.24-13.39.31:460][  0]LogInit: High frequency timer resolution =3.421904 MHz
[2016.07.24-13.39.31:460][  0]LogMemory: Memory total: Physical=7.9GB (8GB approx)
[2016.07.24-13.39.31:460][  0]LogMemory: Platform Memory Stats for Windows
[2016.07.24-13.39.31:460][  0]LogMemory: Process Physical Memory: 190.05 MB used, 190.05 MB peak
[2016.07.24-13.39.31:460][  0]LogMemory: Process Virtual Memory: 195.82 MB used, 195.82 MB peak
[2016.07.24-13.39.31:460][  0]LogMemory: Physical Memory: 3470.10 MB used, 8106.36 MB total
[2016.07.24-13.39.31:460][  0]LogMemory: Virtual Memory: 521.70 MB used, 8388608.00 MB total
[2016.07.24-13.39.31:490][  0]LogTextLocalizationManager: No specific translations for ('en-US') exist, so ('en') translations will be used.
[2016.07.24-13.39.31:842][  0]LogD3D11RHI: D3D11 adapters:
[2016.07.24-13.39.31:858][  0]LogD3D11RHI:    0. 'NVIDIA GeForce GTX 980 Ti' (Feature Level 11_0)
[2016.07.24-13.39.31:858][  0]LogD3D11RHI:       6047/0/3797 MB DedicatedVideo/DedicatedSystem/SharedSystem, Outputs:1, VendorId:0x10de
[2016.07.24-13.39.31:858][  0]LogD3D11RHI: Chosen D3D11 Adapter: 0
[2016.07.24-13.39.31:862][  0]LogD3D11RHI: Creating new Direct3DDevice
[2016.07.24-13.39.31:862][  0]LogD3D11RHI:     GPU DeviceId: 0x17c8 (for the marketing name, search the web for "GPU Device Id")
[2016.07.24-13.39.31:862][  0]LogWindows: EnumDisplayDevices:
[2016.07.24-13.39.31:862][  0]LogWindows:    0. 'NVIDIA GeForce GTX 980 Ti' (P:1 D:1)
[2016.07.24-13.39.31:862][  0]LogWindows:    1. 'NVIDIA GeForce GTX 980 Ti' (P:0 D:0)
[2016.07.24-13.39.31:862][  0]LogWindows:    2. 'NVIDIA GeForce GTX 980 Ti' (P:0 D:0)
[2016.07.24-13.39.31:862][  0]LogWindows:    3. 'NVIDIA GeForce GTX 980 Ti' (P:0 D:0)
[2016.07.24-13.39.31:863][  0]LogWindows:    4. 'RDPDD Chained DD' (P:0 D:0)
[2016.07.24-13.39.31:863][  0]LogWindows:    5. 'RDP Encoder Mirror Driver' (P:0 D:0)
[2016.07.24-13.39.31:863][  0]LogWindows:    6. 'RDP Reflector Display Driver' (P:0 D:0)
[2016.07.24-13.39.31:863][  0]LogWindows: DebugString: GetVideoDriverDetailsInvalid PrimaryIsNotTheChoosenAdapter GetVideoDriverDetailsInvalid PrimaryIsNotTheChoosenAdapter GetVideoDriverDetailsInvalid PrimaryIsNotTheChoosenAdapter FoundDriverCount:4 
[2016.07.24-13.39.31:863][  0]LogD3D11RHI:     Adapter Name: NVIDIA GeForce GTX 980 Ti
[2016.07.24-13.39.31:863][  0]LogD3D11RHI:   Driver Version: 368.69 (internal:10.18.13.6869, unified:368.69)
[2016.07.24-13.39.31:863][  0]LogD3D11RHI:      Driver Date: 6-29-2016
[2016.07.24-13.39.31:863][  0]LogRHI: Texture pool is 1361 MB (70% of 1945 MB)
[2016.07.24-13.39.31:871][  0]LogD3D11RHI: Async texture creation enabled
[2016.07.24-13.39.31:885][  0]LogD3D11RHI: GPU Timing Frequency: 1000.000000 (Debug: 2 2)
[2016.07.24-13.39.31:885][  0]LogShaderCompilers: Guid format shader working directory is 12 characters bigger than the processId version (C:/Users/Daniel/Desktop/CheriPlates/Intermediate/Shaders/WorkingDirectory/4572/).
[2016.07.24-13.39.31:885][  0]LogShaderCompilers: Cleaned the shader compiler working directory 'C:/Users/Daniel/AppData/Local/Temp/UnrealShaderWorkingDir/AB6A06B34590A763A26C1A84A49F9D7C/'.
[2016.07.24-13.39.31:885][  0]LogShaderCompilers:Display: Using Local Shader Compiler.
[2016.07.24-13.39.32:639][  0]LogTemp:Display: Loaded TP AllDesktopTargetPlatform
[2016.07.24-13.39.32:646][  0]LogTemp:Display: Loaded TP WindowsClientTargetPlatform
[2016.07.24-13.39.32:654][  0]LogTemp:Display: Loaded TP WindowsNoEditorTargetPlatform
[2016.07.24-13.39.32:661][  0]LogTemp:Display: Loaded TP WindowsServerTargetPlatform
[2016.07.24-13.39.32:669][  0]LogTemp:Display: Loaded TP WindowsTargetPlatform
[2016.07.24-13.39.32:675][  0]LogTemp:Display: Loaded TP AndroidTargetPlatform
[2016.07.24-13.39.32:682][  0]LogTemp:Display: Loaded TP Android_ASTCTargetPlatform
[2016.07.24-13.39.32:689][  0]LogTemp:Display: Loaded TP Android_ATCTargetPlatform
[2016.07.24-13.39.32:695][  0]LogTemp:Display: Loaded TP Android_DXTTargetPlatform
[2016.07.24-13.39.32:702][  0]LogTemp:Display: Loaded TP Android_ETC1TargetPlatform
[2016.07.24-13.39.32:708][  0]LogTemp:Display: Loaded TP Android_ETC2TargetPlatform
[2016.07.24-13.39.32:721][  0]LogTemp:Display: Loaded TP Android_MultiTargetPlatform
[2016.07.24-13.39.32:721][  0]LogTemp:Display: Loaded TP Android_PVRTCTargetPlatform
[2016.07.24-13.39.32:722][  0]LogTemp:Display: Loaded TP HTML5TargetPlatform
[2016.07.24-13.39.32:741][  0]LogTemp:Display: Loaded TP IOSTargetPlatform
[2016.07.24-13.39.32:747][  0]LogTemp:Display: Loaded TP TVOSTargetPlatform
[2016.07.24-13.39.32:753][  0]LogTemp:Display: Loaded TP LinuxNoEditorTargetPlatform
[2016.07.24-13.39.32:760][  0]LogTemp:Display: Loaded TP LinuxServerTargetPlatform
[2016.07.24-13.39.32:766][  0]LogTemp:Display: Loaded TP LinuxTargetPlatform
[2016.07.24-13.39.32:766][  0]LogTargetPlatformManager:Display: Building Assets For Windows
[2016.07.24-13.39.32:816][  0]LogDerivedDataCache:Display: Max Cache Size: 512 MB
[2016.07.24-13.39.32:864][  0]LogDerivedDataCache: Loaded boot cache 0.05s 48MB C:/Users/Daniel/AppData/Local/UnrealEngine/4.12/DerivedDataCache/Boot.ddc.
[2016.07.24-13.39.32:865][  0]LogDerivedDataCache:Display: Loaded Boot cache: C:/Users/Daniel/AppData/Local/UnrealEngine/4.12/DerivedDataCache/Boot.ddc
[2016.07.24-13.39.32:865][  0]LogDerivedDataCache: FDerivedDataBackendGraph:  Pak pak cache file C:/Users/Daniel/Desktop/CheriPlates/DerivedDataCache/DDC.ddp not found, will not use a pak cache.
[2016.07.24-13.39.32:865][  0]LogDerivedDataCache: Unable to find inner node Pak for hierarchical cache Hierarchy.
[2016.07.24-13.39.32:865][  0]LogDerivedDataCache: FDerivedDataBackendGraph:  CompressedPak pak cache file C:/Users/Daniel/Desktop/CheriPlates/DerivedDataCache/Compressed.ddp not found, will not use a pak cache.
[2016.07.24-13.39.32:865][  0]LogDerivedDataCache: Unable to find inner node CompressedPak for hierarchical cache Hierarchy.
[2016.07.24-13.39.32:879][  0]LogDerivedDataCache:Display: Pak cache opened for reading ../../../Engine/DerivedDataCache/Compressed.ddp.
[2016.07.24-13.39.32:891][  0]LogDerivedDataCache: Using Local data cache path C:/Users/Daniel/AppData/Local/UnrealEngine/Common/DerivedDataCache: Writable
[2016.07.24-13.39.33:035][  0]LogInit: Selected Device Profile: [Windows]
[2016.07.24-13.39.33:036][  0]LogContentStreaming: Texture pool size is 0.00 MB
[2016.07.24-13.39.33:180][  0]LogMeshUtilities: No automatic mesh reduction module available
[2016.07.24-13.39.33:180][  0]LogMeshUtilities: No automatic mesh merging module available
[2016.07.24-13.39.33:180][  0]LogMeshUtilities: No distributed automatic mesh merging module available
[2016.07.24-13.39.33:394][  0]LogAssetRegistry: FAssetRegistry took 0.0195 seconds to start up
[2016.07.24-13.39.33:436][  0]LogPackageLocalizationCache: Processed 3 localized package path(s) for 2 prioritized culture(s) in 0.039968 seconds
[2016.07.24-13.39.33:440][  0]LogUObjectArray: 28739 objects as part of root set at end of initial load.
[2016.07.24-13.39.33:440][  0]LogUObjectAllocator: 5855624 out of 0 bytes used by permanent object pool.
[2016.07.24-13.39.33:440][  0]LogUObjectArray: CloseDisregardForGC: 0/0 objects in disregard for GC pool
[2016.07.24-13.39.33:444][  0]LogInit: WinSock: version 1.1 (2.2), MaxSocks=32767, MaxUdp=65467
[2016.07.24-13.39.33:599][  0]LogSlate: SlateFontCache - WITH_FREETYPE: 1, WITH_HARFBUZZ: 1
[2016.07.24-13.39.33:599][  0]LogSlate: SlateFontCache - WITH_FREETYPE: 1, WITH_HARFBUZZ: 1
[2016.07.24-13.39.34:166][  0]LogUdpMessaging: Initializing bridge on interface 0.0.0.0:0 to multicast group 230.0.0.1:6666.
[2016.07.24-13.39.34:385][  0]SourceControl: Info Source control is disabled
[2016.07.24-13.39.34:386][  0]SourceControl: Info Source control is disabled
[2016.07.24-13.39.34:390][  0]SourceControl: Info Source control is disabled
[2016.07.24-13.39.34:395][  0]SourceControl: Info Source control is disabled
[2016.07.24-13.39.34:544][  0]LogEngine: Initializing Engine...
[2016.07.24-13.39.34:559][  0]LogHMD: SteamVR initialized.  Driver: lighthouse  Display: LHR-99E6A744
[2016.07.24-13.39.34:572][  0]LogHMD: SteamVR initialized.  Driver: lighthouse  Display: LHR-99E6A744
[2016.07.24-13.39.34:692][  0]LogAIModule: Creating AISystem for world NewWorld
[2016.07.24-13.39.34:697][  0]LogInit: XAudio2 using 'Speakers (Realtek High Definition Audio)' : 2 channels at 48 kHz using 32 bits per sample (channel mask 0x3)
[2016.07.24-13.39.34:706][  0]LogInit: FAudioDevice initialized.
[2016.07.24-13.39.34:727][  0]LogDerivedDataCache: Saved boot cache 0.02s 48MB C:/Users/Daniel/AppData/Local/UnrealEngine/4.12/DerivedDataCache/Boot.ddc.
[2016.07.24-13.39.34:734][  0]LogInit: Texture streaming: Enabled
[2016.07.24-13.39.34:770][  0]LogInit: Transaction tracking system initialized
[2016.07.24-13.39.34:786][  0]BlueprintLog: New page: Editor Load
[2016.07.24-13.39.34:850][  0]LogInit:Warning: CVar named 'r.MobileHDR' marked up in RendererSettings was not found or is set to read-only
[2016.07.24-13.39.35:967][  0]LocalizationService: Info Localization service is disabled
[2016.07.24-13.39.36:030][  0]LogConsoleResponse:Display: 
[2016.07.24-13.39.36:113][  0]LogCook:Display: Max memory allowance for cook 8192mb
[2016.07.24-13.39.36:113][  0]LogFileCache: Scanning file cache for directory 'C:/Users/Daniel/Desktop/CheriPlates/Content/' took 0.01s
[2016.07.24-13.39.36:113][  0]LogCook:Display: Mobile HDR setting 1
[2016.07.24-13.39.36:182][  0]SourceControl: Info Source control is disabled
[2016.07.24-13.39.36:182][  0]Cmd: MAP LOAD FILE="../../../Engine/Content/Maps/Templates/Template_Default.umap" TEMPLATE=1 SHOWPROGRESS=1 FEATURELEVEL=3
[2016.07.24-13.39.36:183][  0]LightingResults: New page: Lighting Build
[2016.07.24-13.39.36:185][  0]MapCheck: New page: Map Check
[2016.07.24-13.39.36:185][  0]LightingResults: New page: Lighting Build
[2016.07.24-13.39.36:372][  0]LogAIModule: Creating AISystem for world Untitled_1
[2016.07.24-13.39.36:376][  0]LogEditorServer: Finished looking for orphan Actors (0.000 secs)
[2016.07.24-13.39.36:380][  0]Cmd: MAP CHECKDEP NOCLEARLOG
[2016.07.24-13.39.36:401][  0]MapCheck: Info Map check complete: 0 Error(s), 0 Warning(s), took 20.827ms to complete.
[2016.07.24-13.39.36:401][  0]LogFileHelpers: Loading map 'Template_Default' took 0.218
[2016.07.24-13.39.36:555][  0]LogCollectionManager: Loaded 0 collections in 0.001095 seconds
[2016.07.24-13.39.36:616][  0]LogFileCache: Scanning file cache for directory 'C:/Users/Daniel/Desktop/CheriPlates/Saved/Collections/' took 0.01s
[2016.07.24-13.39.36:617][  0]LogFileCache: Scanning file cache for directory 'C:/Users/Daniel/Desktop/CheriPlates/Content/Developers/Daniel/Collections/' took 0.01s
[2016.07.24-13.39.36:617][  0]LogFileCache: Scanning file cache for directory 'C:/Users/Daniel/Desktop/CheriPlates/Content/Collections/' took 0.01s
[2016.07.24-13.39.36:617][  0]LogCollectionManager: Rebuilt the GUID cache for 0 collections in 0.000002 seconds
[2016.07.24-13.39.36:623][  0]LogContentBrowser: Native class hierarchy populated in 0.0067 seconds. Added 2047 classes and 369 folders.
[2016.07.24-13.39.36:626][  0]LogStats: UGameplayTagsManager::ConstructGameplayTagTree: Construct from data asset -  0.000 s
[2016.07.24-13.39.36:627][  0]LogStats: UGameplayTagsManager::ConstructGameplayTagTree: GameplayTagTreeChangedEvent.Broadcast -  0.000 s
[2016.07.24-13.39.36:627][  0]LogContentBrowser: Native class hierarchy updated for 'GameplayTags' in 0.0003 seconds. Added 12 classes and 0 folders.
[2016.07.24-13.39.36:631][  0]LogContentBrowser: Native class hierarchy updated for 'WidgetCarousel' in 0.0004 seconds. Added 0 classes and 0 folders.
[2016.07.24-13.39.36:831][  0]LogContentBrowser: Native class hierarchy updated for 'AddContentDialog' in 0.0003 seconds. Added 0 classes and 0 folders.
[2016.07.24-13.39.36:847][  0]LogContentBrowser: Native class hierarchy updated for 'SceneOutliner' in 0.0003 seconds. Added 1 classes and 2 folders.
[2016.07.24-13.39.36:850][  0]LogCrashTracker: Crashtracker disabled due to settings.
[2016.07.24-13.39.36:855][  0]LogUObjectGlobals:Warning: Failed to find object 'Class None.'
[2016.07.24-13.39.36:877][  0]LogContentBrowser: Native class hierarchy updated for 'HierarchicalLODOutliner' in 0.0003 seconds. Added 1 classes and 2 folders.
[2016.07.24-13.39.36:877][  0]LogLoad: Full Startup: 5.87 seconds (BP compile: 0.03 seconds)
[2016.07.24-13.39.36:877][  0]LogExternalProfiler: Found external profiler: VSPerf
[2016.07.24-13.39.36:877][  0]LogExternalProfiler: Using external profiler: VSPerf
[2016.07.24-13.39.36:886][  0]LogOcInput: OculusInput pre-init called
[2016.07.24-13.39.36:900][  0]LogContentStreaming: Texture pool size now 1000 MB
[2016.07.24-13.39.37:095][  0]LogRenderer: Reallocating scene render targets to support 1080x620 (Frame:2).
[2016.07.24-13.39.49:518][545]LogAssetRegistry: Asset discovery search completed in 16.1435 seconds
[2016.07.24-13.39.49:518][545]LogCollectionManager: Rebuilt the object cache for 0 collections in 0.000001 seconds (found 0 objects)
[2016.07.24-13.39.49:518][545]LogCollectionManager: Fixed up redirectors for 0 collections in 0.000020 seconds (updated 0 objects)
[2016.07.24-13.39.50:797][696]LogPlayLevel: PlayLevel: No blueprints needed recompiling
[2016.07.24-13.39.50:800][696]PIE: New page: PIE session: Untitled_1 (Jul 24, 2016, 2:39:50 PM)
[2016.07.24-13.39.50:801][696]LogPlayLevel: Creating play world package: /Temp/UEDPIE_0_Untitled_1
[2016.07.24-13.39.50:802][696]LogPlayLevel: PIE: StaticDuplicateObject took: (0.001463s)
[2016.07.24-13.39.50:803][696]LogAIModule: Creating AISystem for world Untitled_1
[2016.07.24-13.39.50:803][696]LogPlayLevel: PIE: World Init took: (0.000673s)
[2016.07.24-13.39.50:803][696]LogPlayLevel: PIE: Created PIE world by copying editor world from /Temp/Untitled_1.Untitled_1 to /Temp/UEDPIE_0_Untitled_1.Untitled_1 (0.002279s)
[2016.07.24-13.39.50:817][696]LogInit: XAudio2 using 'Speakers (Realtek High Definition Audio)' : 2 channels at 48 kHz using 32 bits per sample (channel mask 0x3)
[2016.07.24-13.39.50:826][696]LogInit: FAudioDevice initialized.
[2016.07.24-13.39.50:924][696]LogWorld: Game class is 'GameMode'
[2016.07.24-13.39.50:926][696]LogWorld: Bringing World /Temp/UEDPIE_0_Untitled_1.Untitled_1 up for play (max tick rate 0) at 2016.07.24-14.39.50
[2016.07.24-13.39.50:927][696]LogWorld: Bringing up level for play took: 0.001618
[2016.07.24-13.39.50:930][696]LogContentBrowser: Native class hierarchy updated for 'MovieSceneCapture' in 0.0005 seconds. Added 11 classes and 0 folders.
[2016.07.24-13.39.50:953][696]PIE: Info Play in editor start time for /Temp/UEDPIE_0_Untitled_1 0.67
[2016.07.24-13.39.50:957][697]LogRenderer: Reallocating scene render targets to support 3024x1680 (Frame:529).
[2016.07.24-13.40.06:397][745]LogEditorViewport: Clicking on Actor (LMB): StaticMeshActor (Floor)
[2016.07.24-13.40.15:665][144]LogPlayLevel: PlayLevel: No blueprints needed recompiling
[2016.07.24-13.40.15:666][144]PIE: New page: PIE session: Untitled_1 (Jul 24, 2016, 2:40:15 PM)
[2016.07.24-13.40.15:666][144]LogPlayLevel: Creating play world package: /Temp/UEDPIE_0_Untitled_1
[2016.07.24-13.40.15:667][144]LogPlayLevel: PIE: StaticDuplicateObject took: (0.001788s)
[2016.07.24-13.40.15:668][144]LogAIModule: Creating AISystem for world Untitled_1
[2016.07.24-13.40.15:668][144]LogPlayLevel: PIE: World Init took: (0.000771s)
[2016.07.24-13.40.15:668][144]LogPlayLevel: PIE: Created PIE world by copying editor world from /Temp/Untitled_1.Untitled_1 to /Temp/UEDPIE_0_Untitled_1.Untitled_1 (0.002710s)
[2016.07.24-13.40.15:680][144]LogInit: XAudio2 using 'Speakers (Realtek High Definition Audio)' : 2 channels at 48 kHz using 32 bits per sample (channel mask 0x3)
[2016.07.24-13.40.15:686][144]LogInit: FAudioDevice initialized.
[2016.07.24-13.40.15:780][144]LogWorld: Game class is 'GameMode'
[2016.07.24-13.40.15:782][144]LogWorld: Bringing World /Temp/UEDPIE_0_Untitled_1.Untitled_1 up for play (max tick rate 0) at 2016.07.24-14.40.15
[2016.07.24-13.40.15:782][144]LogWorld: Bringing up level for play took: 0.001351
[2016.07.24-13.40.15:806][144]PIE: Info Play in editor start time for /Temp/UEDPIE_0_Untitled_1 -0.477
[2016.07.24-13.41.47:980][552]LogDirectoryWatcher:Warning: Failed to begin reading directory changes for C:/Users/Daniel/Desktop/CheriPlates/Plugins/. Error: The system cannot find the file specified. (0x00000002)
[2016.07.24-13.43.10:521][383]LogPlayLevel: PlayLevel: No blueprints needed recompiling
[2016.07.24-13.43.10:521][383]PIE: New page: PIE session: Untitled_1 (Jul 24, 2016, 2:43:10 PM)
[2016.07.24-13.43.10:521][383]LogPlayLevel: Creating play world package: /Temp/UEDPIE_0_Untitled_1
[2016.07.24-13.43.10:524][383]LogPlayLevel: PIE: StaticDuplicateObject took: (0.003156s)
[2016.07.24-13.43.10:525][383]LogAIModule: Creating AISystem for world Untitled_1
[2016.07.24-13.43.10:525][383]LogPlayLevel: PIE: World Init took: (0.000976s)
[2016.07.24-13.43.10:526][383]LogPlayLevel: PIE: Created PIE world by copying editor world from /Temp/Untitled_1.Untitled_1 to /Temp/UEDPIE_0_Untitled_1.Untitled_1 (0.004588s)
[2016.07.24-13.43.10:536][383]LogInit: XAudio2 using 'Speakers (Realtek High Definition Audio)' : 2 channels at 48 kHz using 32 bits per sample (channel mask 0x3)
[2016.07.24-13.43.10:544][383]LogInit: FAudioDevice initialized.
[2016.07.24-13.43.10:635][383]LogWorld: Game class is 'GameMode'
[2016.07.24-13.43.10:637][383]LogWorld: Bringing World /Temp/UEDPIE_0_Untitled_1.Untitled_1 up for play (max tick rate 0) at 2016.07.24-14.43.10
[2016.07.24-13.43.10:638][383]LogWorld: Bringing up level for play took: 0.001537
[2016.07.24-13.43.10:660][383]PIE: Info Play in editor start time for /Temp/UEDPIE_0_Untitled_1 0.376
[2016.07.24-13.43.35:547][572]LogPlayLevel: PlayLevel: No blueprints needed recompiling
[2016.07.24-13.43.35:547][572]PIE: New page: PIE session: Untitled_1 (Jul 24, 2016, 2:43:35 PM)
[2016.07.24-13.43.35:547][572]LogPlayLevel: Creating play world package: /Temp/UEDPIE_0_Untitled_1
[2016.07.24-13.43.35:549][572]LogPlayLevel: PIE: StaticDuplicateObject took: (0.001403s)
[2016.07.24-13.43.35:549][572]LogAIModule: Creating AISystem for world Untitled_1
[2016.07.24-13.43.35:550][572]LogPlayLevel: PIE: World Init took: (0.000850s)
[2016.07.24-13.43.35:550][572]LogPlayLevel: PIE: Created PIE world by copying editor world from /Temp/Untitled_1.Untitled_1 to /Temp/UEDPIE_0_Untitled_1.Untitled_1 (0.002442s)
[2016.07.24-13.43.35:560][572]LogInit: XAudio2 using 'Speakers (Realtek High Definition Audio)' : 2 channels at 48 kHz using 32 bits per sample (channel mask 0x3)
[2016.07.24-13.43.35:567][572]LogInit: FAudioDevice initialized.
[2016.07.24-13.43.35:660][572]LogWorld: Game class is 'GameMode'
[2016.07.24-13.43.35:662][572]LogWorld: Bringing World /Temp/UEDPIE_0_Untitled_1.Untitled_1 up for play (max tick rate 0) at 2016.07.24-14.43.35
[2016.07.24-13.43.35:662][572]LogWorld: Bringing up level for play took: 0.001523
[2016.07.24-13.43.35:689][572]PIE: Info Play in editor start time for /Temp/UEDPIE_0_Untitled_1 -0.596
[2016.07.24-13.45.05:649][285]LogPlayLevel: PlayLevel: No blueprints needed recompiling
[2016.07.24-13.45.05:650][285]PIE: New page: PIE session: Untitled_1 (Jul 24, 2016, 2:45:05 PM)
[2016.07.24-13.45.05:650][285]LogPlayLevel: Creating play world package: /Temp/UEDPIE_0_Untitled_1
[2016.07.24-13.45.05:652][285]LogPlayLevel: PIE: StaticDuplicateObject took: (0.002126s)
[2016.07.24-13.45.05:653][285]LogAIModule: Creating AISystem for world Untitled_1
[2016.07.24-13.45.05:653][285]LogPlayLevel: PIE: World Init took: (0.001498s)
[2016.07.24-13.45.05:653][285]LogPlayLevel: PIE: Created PIE world by copying editor world from /Temp/Untitled_1.Untitled_1 to /Temp/UEDPIE_0_Untitled_1.Untitled_1 (0.003819s)
[2016.07.24-13.45.05:667][285]LogInit: XAudio2 using 'Speakers (Realtek High Definition Audio)' : 2 channels at 48 kHz using 32 bits per sample (channel mask 0x3)
[2016.07.24-13.45.05:674][285]LogInit: FAudioDevice initialized.
[2016.07.24-13.45.05:769][285]LogWorld: Game class is 'GameMode'
[2016.07.24-13.45.05:771][285]LogWorld: Bringing World /Temp/UEDPIE_0_Untitled_1.Untitled_1 up for play (max tick rate 0) at 2016.07.24-14.45.05
[2016.07.24-13.45.05:772][285]LogWorld: Bringing up level for play took: 0.001799
[2016.07.24-13.45.05:797][285]PIE: Info Play in editor start time for /Temp/UEDPIE_0_Untitled_1 -0.488
[2016.07.24-13.46.05:836][835]LogPlayLevel: PlayLevel: No blueprints needed recompiling
[2016.07.24-13.46.05:836][835]PIE: New page: PIE session: Untitled_1 (Jul 24, 2016, 2:46:05 PM)
[2016.07.24-13.46.05:836][835]LogPlayLevel: Creating play world package: /Temp/UEDPIE_0_Untitled_1
[2016.07.24-13.46.05:838][835]LogPlayLevel: PIE: StaticDuplicateObject took: (0.001629s)
[2016.07.24-13.46.05:839][835]LogAIModule: Creating AISystem for world Untitled_1
[2016.07.24-13.46.05:839][835]LogPlayLevel: PIE: World Init took: (0.000975s)
[2016.07.24-13.46.05:839][835]LogPlayLevel: PIE: Created PIE world by copying editor world from /Temp/Untitled_1.Untitled_1 to /Temp/UEDPIE_0_Untitled_1.Untitled_1 (0.002896s)
[2016.07.24-13.46.05:849][835]LogInit: XAudio2 using 'Speakers (Realtek High Definition Audio)' : 2 channels at 48 kHz using 32 bits per sample (channel mask 0x3)
[2016.07.24-13.46.05:856][835]LogInit: FAudioDevice initialized.
[2016.07.24-13.46.05:952][835]LogWorld: Game class is 'GameMode'
[2016.07.24-13.46.05:955][835]LogWorld: Bringing World /Temp/UEDPIE_0_Untitled_1.Untitled_1 up for play (max tick rate 0) at 2016.07.24-14.46.05
[2016.07.24-13.46.05:955][835]LogWorld: Bringing up level for play took: 0.001891
[2016.07.24-13.46.05:980][835]PIE: Info Play in editor start time for /Temp/UEDPIE_0_Untitled_1 -0.306
[2016.07.24-13.47.05:242][505]LogPlayLevel: PlayLevel: No blueprints needed recompiling
[2016.07.24-13.47.05:242][505]PIE: New page: PIE session: Untitled_1 (Jul 24, 2016, 2:47:05 PM)
[2016.07.24-13.47.05:242][505]LogPlayLevel: Creating play world package: /Temp/UEDPIE_0_Untitled_1
[2016.07.24-13.47.05:244][505]LogPlayLevel: PIE: StaticDuplicateObject took: (0.001565s)
[2016.07.24-13.47.05:244][505]LogAIModule: Creating AISystem for world Untitled_1
[2016.07.24-13.47.05:245][505]LogPlayLevel: PIE: World Init took: (0.000798s)
[2016.07.24-13.47.05:245][505]LogPlayLevel: PIE: Created PIE world by copying editor world from /Temp/Untitled_1.Untitled_1 to /Temp/UEDPIE_0_Untitled_1.Untitled_1 (0.002553s)
[2016.07.24-13.47.05:256][505]LogInit: XAudio2 using 'Speakers (Realtek High Definition Audio)' : 2 channels at 48 kHz using 32 bits per sample (channel mask 0x3)
[2016.07.24-13.47.05:263][505]LogInit: FAudioDevice initialized.
[2016.07.24-13.47.05:358][505]LogWorld: Game class is 'GameMode'
[2016.07.24-13.47.05:360][505]LogWorld: Bringing World /Temp/UEDPIE_0_Untitled_1.Untitled_1 up for play (max tick rate 0) at 2016.07.24-14.47.05
[2016.07.24-13.47.05:361][505]LogWorld: Bringing up level for play took: 0.001669
[2016.07.24-13.47.05:386][505]PIE: Info Play in editor start time for /Temp/UEDPIE_0_Untitled_1 1.1
[2016.07.24-13.47.51:735][733]LogPlayLevel: PlayLevel: No blueprints needed recompiling
[2016.07.24-13.47.51:736][733]PIE: New page: PIE session: Untitled_1 (Jul 24, 2016, 2:47:51 PM)
[2016.07.24-13.47.51:736][733]LogPlayLevel: Creating play world package: /Temp/UEDPIE_0_Untitled_1
[2016.07.24-13.47.51:738][733]LogPlayLevel: PIE: StaticDuplicateObject took: (0.002340s)
[2016.07.24-13.47.51:739][733]LogAIModule: Creating AISystem for world Untitled_1
[2016.07.24-13.47.51:739][733]LogPlayLevel: PIE: World Init took: (0.000747s)
[2016.07.24-13.47.51:739][733]LogPlayLevel: PIE: Created PIE world by copying editor world from /Temp/Untitled_1.Untitled_1 to /Temp/UEDPIE_0_Untitled_1.Untitled_1 (0.003293s)
[2016.07.24-13.47.51:752][733]LogInit: XAudio2 using 'Speakers (Realtek High Definition Audio)' : 2 channels at 48 kHz using 32 bits per sample (channel mask 0x3)
[2016.07.24-13.47.51:759][733]LogInit: FAudioDevice initialized.
[2016.07.24-13.47.51:851][733]LogWorld: Game class is 'GameMode'
[2016.07.24-13.47.51:853][733]LogWorld: Bringing World /Temp/UEDPIE_0_Untitled_1.Untitled_1 up for play (max tick rate 0) at 2016.07.24-14.47.51
[2016.07.24-13.47.51:853][733]LogWorld: Bringing up level for play took: 0.001613
[2016.07.24-13.47.51:879][733]PIE: Info Play in editor start time for /Temp/UEDPIE_0_Untitled_1 -0.407
[2016.07.24-13.48.14:220][843]LogPlayLevel: PlayLevel: No blueprints needed recompiling
[2016.07.24-13.48.14:220][843]PIE: New page: PIE session: Untitled_1 (Jul 24, 2016, 2:48:14 PM)
[2016.07.24-13.48.14:220][843]LogPlayLevel: Creating play world package: /Temp/UEDPIE_0_Untitled_1
[2016.07.24-13.48.14:221][843]LogPlayLevel: PIE: StaticDuplicateObject took: (0.001577s)
[2016.07.24-13.48.14:222][843]LogAIModule: Creating AISystem for world Untitled_1
[2016.07.24-13.48.14:222][843]LogPlayLevel: PIE: World Init took: (0.000579s)
[2016.07.24-13.48.14:222][843]LogPlayLevel: PIE: Created PIE world by copying editor world from /Temp/Untitled_1.Untitled_1 to /Temp/UEDPIE_0_Untitled_1.Untitled_1 (0.002334s)
[2016.07.24-13.48.14:233][843]LogInit: XAudio2 using 'Speakers (Realtek High Definition Audio)' : 2 channels at 48 kHz using 32 bits per sample (channel mask 0x3)
[2016.07.24-13.48.14:239][843]LogInit: FAudioDevice initialized.
[2016.07.24-13.48.14:330][843]LogWorld: Game class is 'GameMode'
[2016.07.24-13.48.14:331][843]LogWorld: Bringing World /Temp/UEDPIE_0_Untitled_1.Untitled_1 up for play (max tick rate 0) at 2016.07.24-14.48.14
[2016.07.24-13.48.14:331][843]LogWorld: Bringing up level for play took: 0.001114
[2016.07.24-13.48.14:355][843]PIE: Info Play in editor start time for /Temp/UEDPIE_0_Untitled_1 0.068
[2016.07.24-13.48.29:920][755]LogUProjectInfo: Found projects:
[2016.07.24-13.48.31:681][963]Cmd: CLOSE_SLATE_MAINFRAME
[2016.07.24-13.48.32:014][964]Cmd: QUIT_EDITOR
[2016.07.24-13.48.32:066][964]LogExit: Preparing to exit.
[2016.07.24-13.48.33:293][964]LogExit: Editor shut down
[2016.07.24-13.48.33:293][964]LogExit: Transaction tracking system shut down
[2016.07.24-13.48.33:378][964]LogObj: Freed 0b from 0 cluster array pools.
[2016.07.24-13.48.33:378][964]LogExit: Object subsystem successfully closed.
[2016.07.24-13.48.33:395][964]LogD3D11RHI: Shutdown
[2016.07.24-13.48.33:395][964]LogD3D11RHI: CleanupD3DDevice
[2016.07.24-13.48.33:396][964]LogD3D11RHI: ~FD3D11DynamicRHI
[2016.07.24-13.48.33:403][964]LogModuleManager: Shutting down and abandoning module MovieSceneCapture (214)
[2016.07.24-13.48.33:403][964]LogModuleManager: Shutting down and abandoning module HierarchicalLODOutliner (213)
[2016.07.24-13.48.33:403][964]LogModuleManager: Shutting down and abandoning module CrashTracker (212)
[2016.07.24-13.48.33:403][964]LogModuleManager: Shutting down and abandoning module SceneOutliner (211)
[2016.07.24-13.48.33:403][964]LogModuleManager: Shutting down and abandoning module WidgetCarousel (210)
[2016.07.24-13.48.33:403][964]LogModuleManager: Shutting down and abandoning module AddContentDialog (209)
[2016.07.24-13.48.33:404][964]LogModuleManager: Shutting down and abandoning module GameplayTags (208)
[2016.07.24-13.48.33:404][964]LogModuleManager: Shutting down and abandoning module EditorWidgets (207)
[2016.07.24-13.48.33:404][964]LogModuleManager: Shutting down and abandoning module CollectionManager (206)
[2016.07.24-13.48.33:404][964]LogModuleManager: Shutting down and abandoning module StatsViewer (205)
[2016.07.24-13.48.33:404][964]LogModuleManager: Shutting down and abandoning module FoliageEdit (204)
[2016.07.24-13.48.33:404][964]LogModuleManager: Shutting down and abandoning module LandscapeEditor (203)
[2016.07.24-13.48.33:404][964]LogModuleManager: Shutting down and abandoning module SceneDepthPickerMode (202)
[2016.07.24-13.48.33:404][964]LogModuleManager: Shutting down and abandoning module ActorPickerMode (201)
[2016.07.24-13.48.33:404][964]LogModuleManager: Shutting down and abandoning module GeometryMode (200)
[2016.07.24-13.48.33:404][964]LogModuleManager: Shutting down and abandoning module TextureAlignMode (199)
[2016.07.24-13.48.33:404][964]LogModuleManager: Shutting down and abandoning module BspMode (198)
[2016.07.24-13.48.33:404][964]LogModuleManager: Shutting down and abandoning module HardwareSurvey (197)
[2016.07.24-13.48.33:404][964]LogModuleManager: Shutting down and abandoning module SequenceRecorderSections (196)
[2016.07.24-13.48.33:404][964]LogModuleManager: Shutting down and abandoning module SequenceRecorder (195)
[2016.07.24-13.48.33:404][964]LogModuleManager: Shutting down and abandoning module AutomationWorker (194)
[2016.07.24-13.48.33:404][964]LogModuleManager: Shutting down and abandoning module MatineeToLevelSequence (193)
[2016.07.24-13.48.33:404][964]LogModuleManager: Shutting down and abandoning module PlacementMode (192)
[2016.07.24-13.48.33:405][964]LogModuleManager: Shutting down and abandoning module LevelSequenceEditor (191)
[2016.07.24-13.48.33:405][964]LogModuleManager: Shutting down and abandoning module CharacterAI (190)
[2016.07.24-13.48.33:405][964]LogModuleManager: Shutting down and abandoning module SmartSnapping (189)
[2016.07.24-13.48.33:405][964]LogModuleManager: Shutting down and abandoning module SessionServices (188)
[2016.07.24-13.48.33:405][964]LogModuleManager: Shutting down and abandoning module ViewportSnapping (187)
[2016.07.24-13.48.33:405][964]LogModuleManager: Shutting down and abandoning module LogVisualizer (186)
[2016.07.24-13.48.33:405][964]LogModuleManager: Shutting down and abandoning module GameProjectGeneration (185)
[2016.07.24-13.48.33:405][964]LogModuleManager: Shutting down and abandoning module IntroTutorials (184)
[2016.07.24-13.48.33:405][964]LogModuleManager: Shutting down and abandoning module EditorLiveStreaming (183)
[2016.07.24-13.48.33:405][964]LogModuleManager: Shutting down and abandoning module IOSPlatformEditor (182)
[2016.07.24-13.48.33:405][964]LogModuleManager: Shutting down and abandoning module HTML5PlatformEditor (181)
[2016.07.24-13.48.33:405][964]LogModuleManager: Shutting down and abandoning module AndroidDeviceDetection (180)
[2016.07.24-13.48.33:986][964]LogModuleManager: Shutting down and abandoning module AndroidPlatformEditor (179)
[2016.07.24-13.48.33:986][964]LogModuleManager: Shutting down and abandoning module IOSRuntimeSettings (178)
[2016.07.24-13.48.33:986][964]LogModuleManager: Shutting down and abandoning module AndroidRuntimeSettings (177)
[2016.07.24-13.48.33:986][964]LogModuleManager: Shutting down and abandoning module MergeActors (176)
[2016.07.24-13.48.33:986][964]LogModuleManager: Shutting down and abandoning module SizeMap (175)
[2016.07.24-13.48.33:986][964]LogModuleManager: Shutting down and abandoning module TreeMap (174)
[2016.07.24-13.48.33:986][964]LogModuleManager: Shutting down and abandoning module ReferenceViewer (173)
[2016.07.24-13.48.33:986][964]LogModuleManager: Shutting down and abandoning module LocalizationService (172)
[2016.07.24-13.48.33:986][964]LogModuleManager: Shutting down and abandoning module LocalizationDashboard (171)
[2016.07.24-13.48.33:986][964]LogModuleManager: Shutting down and abandoning module HardwareTargeting (170)
[2016.07.24-13.48.33:986][964]LogModuleManager: Shutting down and abandoning module DeviceProfileEditor (169)
[2016.07.24-13.48.33:986][964]LogModuleManager: Shutting down and abandoning module UndoHistory (168)
[2016.07.24-13.48.33:986][964]LogModuleManager: Shutting down and abandoning module UserFeedback (167)
[2016.07.24-13.48.33:986][964]LogModuleManager: Shutting down and abandoning module XmlParser (166)
[2016.07.24-13.48.33:986][964]LogModuleManager: Shutting down and abandoning module Blutility (165)
[2016.07.24-13.48.33:986][964]LogModuleManager: Shutting down and abandoning module ProjectTargetPlatformEditor (164)
[2016.07.24-13.48.33:987][964]LogModuleManager: Shutting down and abandoning module ProjectSettingsViewer (163)
[2016.07.24-13.48.33:987][964]LogModuleManager: Shutting down and abandoning module InputBindingEditor (162)
[2016.07.24-13.48.33:987][964]LogModuleManager: Shutting down and abandoning module EditorSettingsViewer (161)
[2016.07.24-13.48.33:987][964]LogModuleManager: Shutting down and abandoning module SettingsEditor (160)
[2016.07.24-13.48.33:987][964]LogModuleManager: Shutting down and abandoning module ProjectLauncher (159)
[2016.07.24-13.48.33:987][964]LogModuleManager: Shutting down and abandoning module SessionFrontend (158)
[2016.07.24-13.48.33:987][964]LogModuleManager: Shutting down and abandoning module ProfilerClient (157)
[2016.07.24-13.48.33:987][964]LogModuleManager: Shutting down and abandoning module TargetDeviceServices (156)
[2016.07.24-13.48.33:987][964]LogModuleManager: Shutting down and abandoning module DeviceManager (155)
[2016.07.24-13.48.34:027][964]LogModuleManager: Shutting down and abandoning module AutomationController (154)
[2016.07.24-13.48.34:027][964]LogModuleManager: Shutting down and abandoning module AutomationWindow (153)
[2016.07.24-13.48.34:027][964]LogModuleManager: Shutting down and abandoning module Layers (152)
[2016.07.24-13.48.34:027][964]LogModuleManager: Shutting down and abandoning module ComponentVisualizers (151)
[2016.07.24-13.48.34:027][964]LogModuleManager: Shutting down and abandoning module DetailCustomizations (150)
[2016.07.24-13.48.34:027][964]LogModuleManager: Shutting down and abandoning module PackagesDialog (149)
[2016.07.24-13.48.34:027][964]LogModuleManager: Shutting down and abandoning module Persona (148)
[2016.07.24-13.48.34:027][964]LogModuleManager: Shutting down and abandoning module Kismet (147)
[2016.07.24-13.48.34:027][964]LogModuleManager: Shutting down and abandoning module GraphEditor (146)
[2016.07.24-13.48.34:027][964]LogModuleManager: Shutting down and abandoning module ClassViewer (145)
[2016.07.24-13.48.34:027][964]LogModuleManager: Shutting down and abandoning module Toolbox (144)
[2016.07.24-13.48.34:027][964]LogModuleManager: Shutting down and abandoning module ModuleUI (143)
[2016.07.24-13.48.34:027][964]LogModuleManager: Shutting down and abandoning module MovieSceneTools (142)
[2016.07.24-13.48.34:027][964]LogModuleManager: Shutting down and abandoning module OutputLog (141)
[2016.07.24-13.48.34:027][964]LogModuleManager: Shutting down and abandoning module GammaUI (140)
[2016.07.24-13.48.34:027][964]LogModuleManager: Shutting down and abandoning module Documentation (139)
[2016.07.24-13.48.34:027][964]LogModuleManager: Shutting down and abandoning module StreamingPauseRendering (138)
[2016.07.24-13.48.34:027][964]LogModuleManager: Shutting down and abandoning module AnalyticsET (137)
[2016.07.24-13.48.34:027][964]LogModuleManager: Shutting down and abandoning module Analytics (136)
[2016.07.24-13.48.34:027][964]LogModuleManager: Shutting down and abandoning module PortalServices (135)
[2016.07.24-13.48.34:027][964]LogModuleManager: Shutting down and abandoning module PortalRpc (134)
[2016.07.24-13.48.34:027][964]LogModuleManager: Shutting down and abandoning module MessagingRpc (133)
[2016.07.24-13.48.34:027][964]LogModuleManager: Shutting down and abandoning module GameplayDebugger (132)
[2016.07.24-13.48.34:027][964]LogModuleManager: Shutting down and abandoning module AITestSuite (131)
[2016.07.24-13.48.34:027][964]LogModuleManager: Shutting down and abandoning module AIModule (130)
[2016.07.24-13.48.34:027][964]LogModuleManager: Shutting down and abandoning module ProfilerService (129)
[2016.07.24-13.48.34:254][964]LogModuleManager: Shutting down and abandoning module TaskGraph (128)
[2016.07.24-13.48.34:254][964]LogModuleManager: Shutting down and abandoning module SlateRemote (127)
[2016.07.24-13.48.34:254][964]LogModuleManager: Shutting down and abandoning module SteamVRController (126)
[2016.07.24-13.48.34:254][964]LogModuleManager: Shutting down and abandoning module SteamVR (125)
[2016.07.24-13.48.34:254][964]LogModuleManager: Shutting down and abandoning module ProceduralMeshComponent (124)
[2016.07.24-13.48.34:254][964]LogModuleManager: Shutting down and abandoning module OculusLibrary (123)
[2016.07.24-13.48.34:254][964]LogModuleManager: Shutting down and abandoning module OculusInput (122)
[2016.07.24-13.48.34:254][964]LogModuleManager: Shutting down and abandoning module CustomMeshComponent (121)
[2016.07.24-13.48.34:254][964]LogModuleManager: Shutting down and abandoning module CableComponent (120)
[2016.07.24-13.48.34:254][964]LogModuleManager: Shutting down and abandoning module ArchVisCharacter (119)
[2016.07.24-13.48.34:254][964]LogModuleManager: Shutting down and abandoning module MediaPlayerEditor (118)
[2016.07.24-13.48.34:254][964]LogModuleManager: Shutting down and abandoning module HTML5Networking (117)
[2016.07.24-13.48.34:254][964]LogModuleManager: Shutting down and abandoning module SuperSearch (116)
[2016.07.24-13.48.34:254][964]LogModuleManager: Shutting down and abandoning module SuperSearchEditor (115)
[2016.07.24-13.48.34:254][964]LogModuleManager: Shutting down and abandoning module SpeedTreeImporter (114)
[2016.07.24-13.48.34:254][964]LogModuleManager: Shutting down and abandoning module PluginBrowser (113)
[2016.07.24-13.48.34:254][964]LogModuleManager: Shutting down and abandoning module EpicSurvey (112)
[2016.07.24-13.48.34:254][964]LogModuleManager: Shutting down and abandoning module DesktopPlatform (111)
[2016.07.24-13.48.34:254][964]LogModuleManager: Shutting down and abandoning module VisualStudioSourceCodeAccess (110)
[2016.07.24-13.48.34:254][964]LogModuleManager: Shutting down and abandoning module UObjectPlugin (109)
[2016.07.24-13.48.34:254][964]LogModuleManager: Shutting down and abandoning module SubversionSourceControl (108)
[2016.07.24-13.48.34:254][964]LogModuleManager: Shutting down and abandoning module PerforceSourceControl (107)
[2016.07.24-13.48.34:254][964]LogModuleManager: Shutting down and abandoning module SourceControl (106)
[2016.07.24-13.48.34:254][964]LogModuleManager: Shutting down and abandoning module GitSourceControl (105)
[2016.07.24-13.48.34:254][964]LogModuleManager: Shutting down and abandoning module LightPropagationVolumeEditor (104)
[2016.07.24-13.48.34:254][964]LogModuleManager: Shutting down and abandoning module PaperTiledImporter (103)
[2016.07.24-13.48.34:254][964]LogModuleManager: Shutting down and abandoning module PaperSpriteSheetImporter (102)
[2016.07.24-13.48.34:254][964]LogModuleManager: Shutting down and abandoning module MeshPaint (101)
[2016.07.24-13.48.34:255][964]LogModuleManager: Shutting down and abandoning module PixelInspectorModule (100)
[2016.07.24-13.48.34:255][964]LogModuleManager: Shutting down and abandoning module HotReload (99)
[2016.07.24-13.48.34:255][964]LogModuleManager: Shutting down and abandoning module MainFrame (98)
[2016.07.24-13.48.34:255][964]LogModuleManager: Shutting down and abandoning module LevelEditor (97)
[2016.07.24-13.48.34:255][964]LogModuleManager: Shutting down and abandoning module ContentBrowser (96)
[2016.07.24-13.48.34:256][964]LogModuleManager: Shutting down and abandoning module Paper2DEditor (95)
[2016.07.24-13.48.34:256][964]LogModuleManager: Shutting down and abandoning module UdpMessaging (94)
[2016.07.24-13.48.34:356][964]LogModuleManager: Shutting down and abandoning module LightPropagationVolumeRuntime (93)
[2016.07.24-13.48.34:356][964]LogModuleManager: Shutting down and abandoning module Paper2D (92)
[2016.07.24-13.48.34:356][964]LogModuleManager: Shutting down and abandoning module WindowsMoviePlayer (91)
[2016.07.24-13.48.34:356][964]LogModuleManager: Shutting down and abandoning module Media (90)
[2016.07.24-13.48.34:356][964]LogModuleManager: Shutting down and abandoning module WmfMedia (89)
[2016.07.24-13.48.34:356][964]LogModuleManager: Shutting down and abandoning module MediaAssets (88)
[2016.07.24-13.48.34:356][964]LogModuleManager: Shutting down and abandoning module GameLiveStreaming (87)
[2016.07.24-13.48.34:356][964]LogModuleManager: Shutting down and abandoning module GameplayTagsEditor (86)
[2016.07.24-13.48.34:356][964]LogModuleManager: Shutting down and abandoning module OnlineBlueprintSupport (85)
[2016.07.24-13.48.34:356][964]LogModuleManager: Shutting down and abandoning module VREditor (84)
[2016.07.24-13.48.34:356][964]LogModuleManager: Shutting down and abandoning module GameplayTasksEditor (83)
[2016.07.24-13.48.34:356][964]LogModuleManager: Shutting down and abandoning module PropertyEditor (82)
[2016.07.24-13.48.34:356][964]LogModuleManager: Shutting down and abandoning module BehaviorTreeEditor (81)
[2016.07.24-13.48.34:356][964]LogModuleManager: Shutting down and abandoning module FunctionalTesting (80)
[2016.07.24-13.48.34:356][964]LogModuleManager: Shutting down and abandoning module CollisionAnalyzer (79)
[2016.07.24-13.48.34:356][964]LogModuleManager: Shutting down and abandoning module Sequencer (78)
[2016.07.24-13.48.34:357][964]LogModuleManager: Shutting down and abandoning module WorkspaceMenuStructure (77)
[2016.07.24-13.48.34:357][964]LogModuleManager: Shutting down and abandoning module MessageLog (76)
[2016.07.24-13.48.34:357][964]LogModuleManager: Shutting down and abandoning module AssetTools (75)
[2016.07.24-13.48.34:357][964]LogModuleManager: Shutting down and abandoning module UMGEditor (74)
[2016.07.24-13.48.34:357][964]LogModuleManager: Shutting down and abandoning module UMG (73)
[2016.07.24-13.48.34:357][964]LogModuleManager: Shutting down and abandoning module SlateReflector (72)
[2016.07.24-13.48.34:357][964]LogModuleManager: Shutting down and abandoning module Slate (71)
[2016.07.24-13.48.34:357][964]LogModuleManager: Shutting down and abandoning module EditorStyle (70)
[2016.07.24-13.48.34:358][964]LogModuleManager: Shutting down and abandoning module SourceCodeAccess (69)
[2016.07.24-13.48.34:358][964]LogModuleManager: Shutting down and abandoning module HeadMountedDisplay (68)
[2016.07.24-13.48.34:358][964]LogModuleManager: Shutting down and abandoning module XAudio2 (67)
[2016.07.24-13.48.34:358][964]LogModuleManager: Shutting down and abandoning module Networking (65)
[2016.07.24-13.48.34:358][964]LogModuleManager: Shutting down and abandoning module Core (64)
[2016.07.24-13.48.34:358][964]LogModuleManager: Shutting down and abandoning module DirectoryWatcher (63)
[2016.07.24-13.48.34:360][964]LogModuleManager: Shutting down and abandoning module AssetRegistry (62)
[2016.07.24-13.48.34:455][964]LogModuleManager: Shutting down and abandoning module KismetCompiler (61)
[2016.07.24-13.48.34:455][964]LogModuleManager: Shutting down and abandoning module PhysXFormats (60)
[2016.07.24-13.48.34:455][964]LogModuleManager: Shutting down and abandoning module MeshUtilities (59)
[2016.07.24-13.48.34:455][964]LogModuleManager: Shutting down and abandoning module DerivedDataCache (58)
[2016.07.24-13.48.34:545][964]LogDerivedDataCache: Shutdown
[2016.07.24-13.48.34:545][964]LogModuleManager: Shutting down and abandoning module VulkanShaderFormat (57)
[2016.07.24-13.48.34:545][964]LogModuleManager: Shutting down and abandoning module ShaderFormatOpenGL (56)
[2016.07.24-13.48.34:545][964]LogModuleManager: Shutting down and abandoning module ShaderFormatD3D (55)
[2016.07.24-13.48.34:545][964]LogModuleManager: Shutting down and abandoning module MetalShaderFormat (54)
[2016.07.24-13.48.34:545][964]LogModuleManager: Shutting down and abandoning module TextureFormatUncompressed (53)
[2016.07.24-13.48.34:545][964]LogModuleManager: Shutting down and abandoning module TextureFormatPVR (52)
[2016.07.24-13.48.34:545][964]LogModuleManager: Shutting down and abandoning module TextureFormatIntelISPCTexComp (51)
[2016.07.24-13.48.34:545][964]LogModuleManager: Shutting down and abandoning module TextureFormatDXT (50)
[2016.07.24-13.48.34:545][964]LogModuleManager: Shutting down and abandoning module ImageWrapper (49)
[2016.07.24-13.48.34:545][964]LogModuleManager: Shutting down and abandoning module TextureFormatASTC (48)
[2016.07.24-13.48.34:545][964]LogModuleManager: Shutting down and abandoning module TextureFormatAndroid (47)
[2016.07.24-13.48.34:545][964]LogModuleManager: Shutting down and abandoning module AudioFormatOpus (46)
[2016.07.24-13.48.34:545][964]LogModuleManager: Shutting down and abandoning module AudioFormatOgg (45)
[2016.07.24-13.48.34:545][964]LogModuleManager: Shutting down and abandoning module AudioFormatADPCM (44)
[2016.07.24-13.48.34:545][964]LogModuleManager: Shutting down and abandoning module LinuxTargetPlatform (43)
[2016.07.24-13.48.34:545][964]LogModuleManager: Shutting down and abandoning module LinuxServerTargetPlatform (42)
[2016.07.24-13.48.34:545][964]LogModuleManager: Shutting down and abandoning module LinuxNoEditorTargetPlatform (41)
[2016.07.24-13.48.34:545][964]LogModuleManager: Shutting down and abandoning module TVOSTargetPlatform (40)
[2016.07.24-13.48.34:545][964]LogModuleManager: Shutting down and abandoning module Messaging (39)
[2016.07.24-13.48.34:545][964]LogModuleManager: Shutting down and abandoning module IOSTargetPlatform (38)
[2016.07.24-13.48.34:545][964]LogModuleManager: Shutting down and abandoning module HTML5TargetPlatform (37)
[2016.07.24-13.48.34:545][964]LogModuleManager: Shutting down and abandoning module Android_PVRTCTargetPlatform (36)
[2016.07.24-13.48.34:545][964]LogModuleManager: Shutting down and abandoning module Android_MultiTargetPlatform (35)
[2016.07.24-13.48.34:545][964]LogModuleManager: Shutting down and abandoning module Android_ETC2TargetPlatform (34)
[2016.07.24-13.48.34:545][964]LogModuleManager: Shutting down and abandoning module Android_ETC1TargetPlatform (33)
[2016.07.24-13.48.34:545][964]LogModuleManager: Shutting down and abandoning module Android_DXTTargetPlatform (32)
[2016.07.24-13.48.34:545][964]LogModuleManager: Shutting down and abandoning module Android_ATCTargetPlatform (31)
[2016.07.24-13.48.34:545][964]LogModuleManager: Shutting down and abandoning module Android_ASTCTargetPlatform (30)
[2016.07.24-13.48.34:545][964]LogModuleManager: Shutting down and abandoning module AndroidTargetPlatform (29)
[2016.07.24-13.48.34:545][964]LogModuleManager: Shutting down and abandoning module WindowsTargetPlatform (28)
[2016.07.24-13.48.34:545][964]LogModuleManager: Shutting down and abandoning module WindowsServerTargetPlatform (27)
[2016.07.24-13.48.34:545][964]LogModuleManager: Shutting down and abandoning module WindowsNoEditorTargetPlatform (26)
[2016.07.24-13.48.34:546][964]LogModuleManager: Shutting down and abandoning module WindowsClientTargetPlatform (25)
[2016.07.24-13.48.34:546][964]LogModuleManager: Shutting down and abandoning module AllDesktopTargetPlatform (24)
[2016.07.24-13.48.34:546][964]LogModuleManager: Shutting down and abandoning module TargetPlatform (23)
[2016.07.24-13.48.34:546][964]LogModuleManager: Shutting down and abandoning module InputCore (22)
[2016.07.24-13.48.34:546][964]LogModuleManager: Shutting down and abandoning module Settings (21)
[2016.07.24-13.48.34:546][964]LogModuleManager: Shutting down and abandoning module OnlineSubsystem (19)
[2016.07.24-13.48.34:546][964]LogModuleManager: Shutting down and abandoning module HTTP (18)
[2016.07.24-13.48.39:052][964]LogModuleManager: Shutting down and abandoning module XMPP (17)
[2016.07.24-13.48.39:052][964]LogModuleManager: Shutting down and abandoning module OculusRift (16)
[2016.07.24-13.48.39:052][964]LogModuleManager: Shutting down and abandoning module ExampleDeviceProfileSelector (15)
[2016.07.24-13.48.39:053][964]LogModuleManager: Shutting down and abandoning module TextureCompressor (14)
[2016.07.24-13.48.39:053][964]LogModuleManager: Shutting down and abandoning module ShaderCore (13)
[2016.07.24-13.48.39:053][964]LogModuleManager: Shutting down and abandoning module Landscape (12)
[2016.07.24-13.48.39:053][964]LogModuleManager: Shutting down and abandoning module SlateRHIRenderer (11)
[2016.07.24-13.48.39:053][964]LogModuleManager: Shutting down and abandoning module OpenGLDrv (10)
[2016.07.24-13.48.39:053][964]LogModuleManager: Shutting down and abandoning module D3D11RHI (9)
[2016.07.24-13.48.39:053][964]LogModuleManager: Shutting down and abandoning module AnimGraphRuntime (8)
[2016.07.24-13.48.39:053][964]LogModuleManager: Shutting down and abandoning module Renderer (7)
[2016.07.24-13.48.39:053][964]LogModuleManager: Shutting down and abandoning module Engine (6)
[2016.07.24-13.48.39:053][964]LogModuleManager: Shutting down and abandoning module CoreUObject (5)
[2016.07.24-13.48.39:053][964]LogModuleManager: Shutting down and abandoning module NetworkFile (4)
[2016.07.24-13.48.39:053][964]LogModuleManager: Shutting down and abandoning module StreamingFile (3)
[2016.07.24-13.48.39:053][964]LogModuleManager: Shutting down and abandoning module SandboxFile (2)
[2016.07.24-13.48.39:054][964]LogModuleManager: Shutting down and abandoning module PakFile (1)
[2016.07.24-13.48.39:055][964]LogExit: Exiting.
[2016.07.24-13.48.39:063][964]Log file closed, 07/24/16 14:48:39
