Log file open, 07/24/16 14:49:41
LogInit:Display: Running engine for game: CheriPlates
LogPlatformFile: Not using cached read wrapper
LogInit:Display: RandInit(2038326182) SRandInit(2038326183).
LogTaskGraph: Started task graph with 4 named threads and 7 total threads with 1 sets of task threads.
LogStats: Stats thread started at 0.063662
LogInit: Version: 4.12.5-3039270+++UE4+Release-4.12
LogInit: API Version: 2992821
LogInit: Net Version: 3039270
LogDevObjectVersion: Number of dev versions registered: 13
LogDevObjectVersion:   Dev-Blueprints (B0D832E4-1F89-4F0D-ACCF-7EB736FD4AA2): 3
LogDevObjectVersion:   Dev-Build (E1C64328-A22C-4D53-A36C-8E866417BD8C): 0
LogDevObjectVersion:   Dev-Core (375EC13C-06E4-48FB-B500-84F0262A717E): 1
LogDevObjectVersion:   Dev-Editor (E4B068ED-F494-42E9-A231-DA0B2E46BB41): 2
LogDevObjectVersion:   Dev-Framework (CFFC743F-43B0-4480-9391-14DF171D2073): 6
LogDevObjectVersion:   Dev-Mobile (B02B49B5-BB20-44E9-A304-32B752E40360): 0
LogDevObjectVersion:   Dev-Networking (A4E4105C-59A1-49B5-A7C5-40C4547EDFEE): 0
LogDevObjectVersion:   Dev-Online (39C831C9-5AE6-47DC-9A44-9C173E1C8E7C): 0
LogDevObjectVersion:   Dev-Physics (78F01B33-EBEA-4F98-B9B4-84EACCB95AA2): 0
LogDevObjectVersion:   Dev-Platform (6631380F-2D4D-43E0-8009-CF276956A95A): 0
LogDevObjectVersion:   Dev-Rendering (12F88B9F-8875-4AFC-A67C-D90C383ABD29): 2
LogDevObjectVersion:   Dev-Sequencer (7B5AE74C-D270-4C10-A958-57980B212A5A): 0
LogDevObjectVersion:   Dev-VR (D7296918-1DD6-4BDD-9DE2-64A83CC13884): 0
LogInit: Compiled (64-bit): Jul  6 2016 09:09:46
LogInit: Compiled with Visual C++: 19.00.23026.00
LogInit: Build Configuration: Development
LogInit: Branch Name: ++UE4+Release-4.12
LogInit: Command line: -EpicPortal 
LogInit: Base directory: D:/Programs/Epic Games/4.12/Engine/Binaries/Win64/
LogInit: Installed Engine Build: 1
LogInit: Using libcurl 7.41.0
LogInit:  - built for x86_64-pc-win32
LogInit:  - supports SSL with WinSSL
LogInit:  - other features:
LogInit:      CURL_VERSION_SSL
LogInit:      CURL_VERSION_IPV6
LogInit:      CURL_VERSION_ASYNCHDNS
LogInit:      CURL_VERSION_LARGEFILE
LogInit:      CURL_VERSION_IDN
LogInit:  CurlRequestOptions (configurable via config and command line):
LogInit:  - bVerifyPeer = true  - Libcurl will verify peer certificate
LogInit:  - bUseHttpProxy = false  - Libcurl will NOT use HTTP proxy
LogInit:  - bDontReuseConnections = false  - Libcurl will reuse connections
LogInit:  - CertBundlePath = nullptr  - Libcurl will use whatever was configured at build time.
LogInit: Presizing for max 8388607 objects, including 0 objects not considered by GC, pre-allocating 0 bytes for permanent pool.
LogInit: Object subsystem initialized
[2016.07.24-13.49.41:717][  0]LogInit: Selected Device Profile: [Windows]
[2016.07.24-13.49.41:717][  0]LogInit: Applying CVar settings loaded from the selected device profile: [Windows]
[2016.07.24-13.49.41:726][  0]LogInit: Computer: BLACKTORCH1
[2016.07.24-13.49.41:726][  0]LogInit: User: Daniel
[2016.07.24-13.49.41:726][  0]LogInit: CPU Page size=65536, Cores=4
[2016.07.24-13.49.41:726][  0]LogInit: High frequency timer resolution =3.421904 MHz
[2016.07.24-13.49.41:726][  0]LogMemory: Memory total: Physical=7.9GB (8GB approx)
[2016.07.24-13.49.41:726][  0]LogMemory: Platform Memory Stats for Windows
[2016.07.24-13.49.41:726][  0]LogMemory: Process Physical Memory: 189.25 MB used, 189.25 MB peak
[2016.07.24-13.49.41:726][  0]LogMemory: Process Virtual Memory: 195.75 MB used, 195.75 MB peak
[2016.07.24-13.49.41:726][  0]LogMemory: Physical Memory: 3745.02 MB used, 8106.36 MB total
[2016.07.24-13.49.41:726][  0]LogMemory: Virtual Memory: 520.70 MB used, 8388608.00 MB total
[2016.07.24-13.49.41:756][  0]LogTextLocalizationManager: No specific translations for ('en-US') exist, so ('en') translations will be used.
[2016.07.24-13.49.42:097][  0]LogD3D11RHI: D3D11 adapters:
[2016.07.24-13.49.42:114][  0]LogD3D11RHI:    0. 'NVIDIA GeForce GTX 980 Ti' (Feature Level 11_0)
[2016.07.24-13.49.42:114][  0]LogD3D11RHI:       6047/0/3797 MB DedicatedVideo/DedicatedSystem/SharedSystem, Outputs:1, VendorId:0x10de
[2016.07.24-13.49.42:114][  0]LogD3D11RHI: Chosen D3D11 Adapter: 0
[2016.07.24-13.49.42:118][  0]LogD3D11RHI: Creating new Direct3DDevice
[2016.07.24-13.49.42:118][  0]LogD3D11RHI:     GPU DeviceId: 0x17c8 (for the marketing name, search the web for "GPU Device Id")
[2016.07.24-13.49.42:118][  0]LogWindows: EnumDisplayDevices:
[2016.07.24-13.49.42:118][  0]LogWindows:    0. 'NVIDIA GeForce GTX 980 Ti' (P:1 D:1)
[2016.07.24-13.49.42:119][  0]LogWindows:    1. 'NVIDIA GeForce GTX 980 Ti' (P:0 D:0)
[2016.07.24-13.49.42:119][  0]LogWindows:    2. 'NVIDIA GeForce GTX 980 Ti' (P:0 D:0)
[2016.07.24-13.49.42:119][  0]LogWindows:    3. 'NVIDIA GeForce GTX 980 Ti' (P:0 D:0)
[2016.07.24-13.49.42:119][  0]LogWindows:    4. 'RDPDD Chained DD' (P:0 D:0)
[2016.07.24-13.49.42:119][  0]LogWindows:    5. 'RDP Encoder Mirror Driver' (P:0 D:0)
[2016.07.24-13.49.42:119][  0]LogWindows:    6. 'RDP Reflector Display Driver' (P:0 D:0)
[2016.07.24-13.49.42:119][  0]LogWindows: DebugString: GetVideoDriverDetailsInvalid PrimaryIsNotTheChoosenAdapter GetVideoDriverDetailsInvalid PrimaryIsNotTheChoosenAdapter GetVideoDriverDetailsInvalid PrimaryIsNotTheChoosenAdapter FoundDriverCount:4 
[2016.07.24-13.49.42:119][  0]LogD3D11RHI:     Adapter Name: NVIDIA GeForce GTX 980 Ti
[2016.07.24-13.49.42:119][  0]LogD3D11RHI:   Driver Version: 368.69 (internal:10.18.13.6869, unified:368.69)
[2016.07.24-13.49.42:119][  0]LogD3D11RHI:      Driver Date: 6-29-2016
[2016.07.24-13.49.42:119][  0]LogRHI: Texture pool is 1361 MB (70% of 1945 MB)
[2016.07.24-13.49.42:127][  0]LogD3D11RHI: Async texture creation enabled
[2016.07.24-13.49.42:141][  0]LogD3D11RHI: GPU Timing Frequency: 1000.000000 (Debug: 2 2)
[2016.07.24-13.49.42:141][  0]LogShaderCompilers: Guid format shader working directory is 12 characters bigger than the processId version (C:/Users/Daniel/Desktop/CheriPlates/Intermediate/Shaders/WorkingDirectory/4296/).
[2016.07.24-13.49.42:141][  0]LogShaderCompilers: Cleaned the shader compiler working directory 'C:/Users/Daniel/AppData/Local/Temp/UnrealShaderWorkingDir/E7C8E02E415252E15D47C5AF3E7E9C22/'.
[2016.07.24-13.49.42:141][  0]LogShaderCompilers:Display: Using Local Shader Compiler.
[2016.07.24-13.49.42:884][  0]LogTemp:Display: Loaded TP AllDesktopTargetPlatform
[2016.07.24-13.49.42:892][  0]LogTemp:Display: Loaded TP WindowsClientTargetPlatform
[2016.07.24-13.49.42:899][  0]LogTemp:Display: Loaded TP WindowsNoEditorTargetPlatform
[2016.07.24-13.49.42:907][  0]LogTemp:Display: Loaded TP WindowsServerTargetPlatform
[2016.07.24-13.49.42:915][  0]LogTemp:Display: Loaded TP WindowsTargetPlatform
[2016.07.24-13.49.42:922][  0]LogTemp:Display: Loaded TP AndroidTargetPlatform
[2016.07.24-13.49.42:929][  0]LogTemp:Display: Loaded TP Android_ASTCTargetPlatform
[2016.07.24-13.49.42:935][  0]LogTemp:Display: Loaded TP Android_ATCTargetPlatform
[2016.07.24-13.49.42:942][  0]LogTemp:Display: Loaded TP Android_DXTTargetPlatform
[2016.07.24-13.49.42:949][  0]LogTemp:Display: Loaded TP Android_ETC1TargetPlatform
[2016.07.24-13.49.42:955][  0]LogTemp:Display: Loaded TP Android_ETC2TargetPlatform
[2016.07.24-13.49.42:968][  0]LogTemp:Display: Loaded TP Android_MultiTargetPlatform
[2016.07.24-13.49.42:968][  0]LogTemp:Display: Loaded TP Android_PVRTCTargetPlatform
[2016.07.24-13.49.42:969][  0]LogTemp:Display: Loaded TP HTML5TargetPlatform
[2016.07.24-13.49.42:988][  0]LogTemp:Display: Loaded TP IOSTargetPlatform
[2016.07.24-13.49.42:994][  0]LogTemp:Display: Loaded TP TVOSTargetPlatform
[2016.07.24-13.49.43:001][  0]LogTemp:Display: Loaded TP LinuxNoEditorTargetPlatform
[2016.07.24-13.49.43:008][  0]LogTemp:Display: Loaded TP LinuxServerTargetPlatform
[2016.07.24-13.49.43:014][  0]LogTemp:Display: Loaded TP LinuxTargetPlatform
[2016.07.24-13.49.43:014][  0]LogTargetPlatformManager:Display: Building Assets For Windows
[2016.07.24-13.49.43:063][  0]LogDerivedDataCache:Display: Max Cache Size: 512 MB
[2016.07.24-13.49.43:127][  0]LogDerivedDataCache: Loaded boot cache 0.06s 78MB C:/Users/Daniel/AppData/Local/UnrealEngine/4.12/DerivedDataCache/Boot.ddc.
[2016.07.24-13.49.43:127][  0]LogDerivedDataCache:Display: Loaded Boot cache: C:/Users/Daniel/AppData/Local/UnrealEngine/4.12/DerivedDataCache/Boot.ddc
[2016.07.24-13.49.43:127][  0]LogDerivedDataCache: FDerivedDataBackendGraph:  Pak pak cache file C:/Users/Daniel/Desktop/CheriPlates/DerivedDataCache/DDC.ddp not found, will not use a pak cache.
[2016.07.24-13.49.43:127][  0]LogDerivedDataCache: Unable to find inner node Pak for hierarchical cache Hierarchy.
[2016.07.24-13.49.43:127][  0]LogDerivedDataCache: FDerivedDataBackendGraph:  CompressedPak pak cache file C:/Users/Daniel/Desktop/CheriPlates/DerivedDataCache/Compressed.ddp not found, will not use a pak cache.
[2016.07.24-13.49.43:127][  0]LogDerivedDataCache: Unable to find inner node CompressedPak for hierarchical cache Hierarchy.
[2016.07.24-13.49.43:144][  0]LogDerivedDataCache:Display: Pak cache opened for reading ../../../Engine/DerivedDataCache/Compressed.ddp.
[2016.07.24-13.49.43:155][  0]LogDerivedDataCache: Using Local data cache path C:/Users/Daniel/AppData/Local/UnrealEngine/Common/DerivedDataCache: Writable
[2016.07.24-13.49.43:308][  0]LogInit: Selected Device Profile: [Windows]
[2016.07.24-13.49.43:308][  0]LogContentStreaming: Texture pool size is 0.00 MB
[2016.07.24-13.49.43:444][  0]LogMeshUtilities: No automatic mesh reduction module available
[2016.07.24-13.49.43:444][  0]LogMeshUtilities: No automatic mesh merging module available
[2016.07.24-13.49.43:444][  0]LogMeshUtilities: No distributed automatic mesh merging module available
[2016.07.24-13.49.43:661][  0]LogAssetRegistry: FAssetRegistry took 0.0202 seconds to start up
[2016.07.24-13.49.43:687][  0]LogPackageLocalizationCache: Processed 3 localized package path(s) for 2 prioritized culture(s) in 0.023054 seconds
[2016.07.24-13.49.43:691][  0]LogUObjectArray: 28739 objects as part of root set at end of initial load.
[2016.07.24-13.49.43:691][  0]LogUObjectAllocator: 5855632 out of 0 bytes used by permanent object pool.
[2016.07.24-13.49.43:691][  0]LogUObjectArray: CloseDisregardForGC: 0/0 objects in disregard for GC pool
[2016.07.24-13.49.43:696][  0]LogInit: WinSock: version 1.1 (2.2), MaxSocks=32767, MaxUdp=65467
[2016.07.24-13.49.43:828][  0]LogSlate: SlateFontCache - WITH_FREETYPE: 1, WITH_HARFBUZZ: 1
[2016.07.24-13.49.43:828][  0]LogSlate: SlateFontCache - WITH_FREETYPE: 1, WITH_HARFBUZZ: 1
[2016.07.24-13.49.44:347][  0]LogUdpMessaging: Initializing bridge on interface 0.0.0.0:0 to multicast group 230.0.0.1:6666.
[2016.07.24-13.49.44:518][  0]SourceControl: Info Source control is disabled
[2016.07.24-13.49.44:518][  0]SourceControl: Info Source control is disabled
[2016.07.24-13.49.44:523][  0]SourceControl: Info Source control is disabled
[2016.07.24-13.49.44:528][  0]SourceControl: Info Source control is disabled
[2016.07.24-13.49.44:658][  0]LogEngine: Initializing Engine...
[2016.07.24-13.49.44:674][  0]LogHMD: SteamVR initialized.  Driver: lighthouse  Display: LHR-99E6A744
[2016.07.24-13.49.44:688][  0]LogHMD: SteamVR initialized.  Driver: lighthouse  Display: LHR-99E6A744
[2016.07.24-13.49.44:807][  0]LogAIModule: Creating AISystem for world NewWorld
[2016.07.24-13.49.44:813][  0]LogInit: XAudio2 using 'Speakers (Realtek High Definition Audio)' : 2 channels at 48 kHz using 32 bits per sample (channel mask 0x3)
[2016.07.24-13.49.44:821][  0]LogInit: FAudioDevice initialized.
[2016.07.24-13.49.44:857][  0]LogDerivedDataCache: Saved boot cache 0.04s 78MB C:/Users/Daniel/AppData/Local/UnrealEngine/4.12/DerivedDataCache/Boot.ddc.
[2016.07.24-13.49.44:865][  0]LogInit: Texture streaming: Enabled
[2016.07.24-13.49.44:881][  0]LogInit: Transaction tracking system initialized
[2016.07.24-13.49.44:896][  0]BlueprintLog: New page: Editor Load
[2016.07.24-13.49.45:010][  0]LocalizationService: Info Localization service is disabled
[2016.07.24-13.49.45:052][  0]LogConsoleResponse:Display: 
[2016.07.24-13.49.45:133][  0]LogCook:Display: Max memory allowance for cook 8192mb
[2016.07.24-13.49.45:133][  0]LogCook:Display: Mobile HDR setting 0
[2016.07.24-13.49.45:192][  0]LogFileCache: Scanning file cache for directory 'C:/Users/Daniel/Desktop/CheriPlates/Content/' took 0.01s
[2016.07.24-13.49.45:192][  0]SourceControl: Info Source control is disabled
[2016.07.24-13.49.45:192][  0]Cmd: MAP LOAD FILE="../../../Engine/Content/Maps/Templates/Template_Default.umap" TEMPLATE=1 SHOWPROGRESS=1 FEATURELEVEL=3
[2016.07.24-13.49.45:192][  0]LightingResults: New page: Lighting Build
[2016.07.24-13.49.45:194][  0]MapCheck: New page: Map Check
[2016.07.24-13.49.45:194][  0]LightingResults: New page: Lighting Build
[2016.07.24-13.49.45:397][  0]LogAIModule: Creating AISystem for world Untitled_1
[2016.07.24-13.49.45:401][  0]LogEditorServer: Finished looking for orphan Actors (0.000 secs)
[2016.07.24-13.49.45:405][  0]Cmd: MAP CHECKDEP NOCLEARLOG
[2016.07.24-13.49.45:426][  0]MapCheck: Info Map check complete: 0 Error(s), 0 Warning(s), took 21.245ms to complete.
[2016.07.24-13.49.45:426][  0]LogFileHelpers: Loading map 'Template_Default' took 0.234
[2016.07.24-13.49.45:563][  0]LogCollectionManager: Loaded 0 collections in 0.001295 seconds
[2016.07.24-13.49.45:598][  0]LogFileCache: Scanning file cache for directory 'C:/Users/Daniel/Desktop/CheriPlates/Saved/Collections/' took 0.01s
[2016.07.24-13.49.45:598][  0]LogFileCache: Scanning file cache for directory 'C:/Users/Daniel/Desktop/CheriPlates/Content/Developers/Daniel/Collections/' took 0.01s
[2016.07.24-13.49.45:598][  0]LogFileCache: Scanning file cache for directory 'C:/Users/Daniel/Desktop/CheriPlates/Content/Collections/' took 0.01s
[2016.07.24-13.49.45:598][  0]LogCollectionManager: Rebuilt the GUID cache for 0 collections in 0.000002 seconds
[2016.07.24-13.49.45:605][  0]LogContentBrowser: Native class hierarchy populated in 0.0061 seconds. Added 2047 classes and 369 folders.
[2016.07.24-13.49.45:607][  0]LogStats: UGameplayTagsManager::ConstructGameplayTagTree: Construct from data asset -  0.000 s
[2016.07.24-13.49.45:607][  0]LogStats: UGameplayTagsManager::ConstructGameplayTagTree: GameplayTagTreeChangedEvent.Broadcast -  0.000 s
[2016.07.24-13.49.45:608][  0]LogContentBrowser: Native class hierarchy updated for 'GameplayTags' in 0.0005 seconds. Added 12 classes and 0 folders.
[2016.07.24-13.49.45:611][  0]LogContentBrowser: Native class hierarchy updated for 'WidgetCarousel' in 0.0002 seconds. Added 0 classes and 0 folders.
[2016.07.24-13.49.45:633][  0]LogContentBrowser: Native class hierarchy updated for 'AddContentDialog' in 0.0003 seconds. Added 0 classes and 0 folders.
[2016.07.24-13.49.45:636][  0]LogContentBrowser: Native class hierarchy updated for 'SceneOutliner' in 0.0003 seconds. Added 1 classes and 2 folders.
[2016.07.24-13.49.45:641][  0]LogCrashTracker: Crashtracker disabled due to settings.
[2016.07.24-13.49.45:645][  0]LogUObjectGlobals:Warning: Failed to find object 'Class None.'
[2016.07.24-13.49.45:667][  0]LogContentBrowser: Native class hierarchy updated for 'HierarchicalLODOutliner' in 0.0003 seconds. Added 1 classes and 2 folders.
[2016.07.24-13.49.45:668][  0]LogLoad: Full Startup: 4.44 seconds (BP compile: 0.03 seconds)
[2016.07.24-13.49.45:668][  0]LogExternalProfiler: Found external profiler: VSPerf
[2016.07.24-13.49.45:668][  0]LogExternalProfiler: Using external profiler: VSPerf
[2016.07.24-13.49.45:676][  0]LogOcInput: OculusInput pre-init called
[2016.07.24-13.49.45:690][  0]LogAssetRegistry: Asset discovery search completed in 2.0495 seconds
[2016.07.24-13.49.45:690][  0]LogCollectionManager: Rebuilt the object cache for 0 collections in 0.000001 seconds (found 0 objects)
[2016.07.24-13.49.45:690][  0]LogCollectionManager: Fixed up redirectors for 0 collections in 0.000045 seconds (updated 0 objects)
[2016.07.24-13.49.45:693][  0]LogContentStreaming: Texture pool size now 1000 MB
[2016.07.24-13.49.45:820][  0]LogRenderer: Reallocating scene render targets to support 1080x620 (Frame:2).
[2016.07.24-13.50.24:261][822]LogPlayLevel: PlayLevel: No blueprints needed recompiling
[2016.07.24-13.50.24:262][822]PIE: New page: PIE session: Untitled_1 (Jul 24, 2016, 2:50:24 PM)
[2016.07.24-13.50.24:263][822]LogPlayLevel: Creating play world package: /Temp/UEDPIE_0_Untitled_1
[2016.07.24-13.50.24:264][822]LogPlayLevel: PIE: StaticDuplicateObject took: (0.001611s)
[2016.07.24-13.50.24:265][822]LogAIModule: Creating AISystem for world Untitled_1
[2016.07.24-13.50.24:265][822]LogPlayLevel: PIE: World Init took: (0.000747s)
[2016.07.24-13.50.24:265][822]LogPlayLevel: PIE: Created PIE world by copying editor world from /Temp/Untitled_1.Untitled_1 to /Temp/UEDPIE_0_Untitled_1.Untitled_1 (0.002648s)
[2016.07.24-13.50.24:281][822]LogInit: XAudio2 using 'Speakers (Realtek High Definition Audio)' : 2 channels at 48 kHz using 32 bits per sample (channel mask 0x3)
[2016.07.24-13.50.24:289][822]LogInit: FAudioDevice initialized.
[2016.07.24-13.50.24:388][822]LogWorld: Game class is 'GameMode'
[2016.07.24-13.50.24:391][822]LogWorld: Bringing World /Temp/UEDPIE_0_Untitled_1.Untitled_1 up for play (max tick rate 0) at 2016.07.24-14.50.24
[2016.07.24-13.50.24:391][822]LogWorld: Bringing up level for play took: 0.001512
[2016.07.24-13.50.24:394][822]LogContentBrowser: Native class hierarchy updated for 'MovieSceneCapture' in 0.0003 seconds. Added 11 classes and 0 folders.
[2016.07.24-13.50.24:416][822]PIE: Info Play in editor start time for /Temp/UEDPIE_0_Untitled_1 0.128
[2016.07.24-13.50.24:420][823]LogRenderer: Reallocating scene render targets to support 3024x1680 (Frame:3499).
[2016.07.24-13.50.35:135][917]LogEditorViewport: Clicking on Actor (LMB): StaticMeshActor (Floor)
[2016.07.24-13.51.25:175][ 54]LogDirectoryWatcher:Warning: Failed to begin reading directory changes for C:/Users/Daniel/Desktop/CheriPlates/Plugins/. Error: The system cannot find the file specified. (0x00000002)
[2016.07.24-13.52.29:998][807]LogPlayLevel: PlayLevel: No blueprints needed recompiling
[2016.07.24-13.52.29:998][807]PIE: New page: PIE session: Untitled_1 (Jul 24, 2016, 2:52:29 PM)
[2016.07.24-13.52.29:998][807]LogPlayLevel: Creating play world package: /Temp/UEDPIE_0_Untitled_1
[2016.07.24-13.52.30:000][807]LogPlayLevel: PIE: StaticDuplicateObject took: (0.002036s)
[2016.07.24-13.52.30:000][807]LogAIModule: Creating AISystem for world Untitled_1
[2016.07.24-13.52.30:001][807]LogPlayLevel: PIE: World Init took: (0.000659s)
[2016.07.24-13.52.30:001][807]LogPlayLevel: PIE: Created PIE world by copying editor world from /Temp/Untitled_1.Untitled_1 to /Temp/UEDPIE_0_Untitled_1.Untitled_1 (0.002892s)
[2016.07.24-13.52.30:013][807]LogInit: XAudio2 using 'Speakers (Realtek High Definition Audio)' : 2 channels at 48 kHz using 32 bits per sample (channel mask 0x3)
[2016.07.24-13.52.30:021][807]LogInit: FAudioDevice initialized.
[2016.07.24-13.52.30:114][807]LogWorld: Game class is 'GameMode'
[2016.07.24-13.52.30:116][807]LogWorld: Bringing World /Temp/UEDPIE_0_Untitled_1.Untitled_1 up for play (max tick rate 0) at 2016.07.24-14.52.30
[2016.07.24-13.52.30:117][807]LogWorld: Bringing up level for play took: 0.001374
[2016.07.24-13.52.30:139][807]PIE: Info Play in editor start time for /Temp/UEDPIE_0_Untitled_1 -0.15
[2016.07.24-13.52.54:927][564]LogPlayLevel: PlayLevel: No blueprints needed recompiling
[2016.07.24-13.52.54:927][564]PIE: New page: PIE session: Untitled_1 (Jul 24, 2016, 2:52:54 PM)
[2016.07.24-13.52.54:927][564]LogPlayLevel: Creating play world package: /Temp/UEDPIE_0_Untitled_1
[2016.07.24-13.52.54:929][564]LogPlayLevel: PIE: StaticDuplicateObject took: (0.002143s)
[2016.07.24-13.52.54:930][564]LogAIModule: Creating AISystem for world Untitled_1
[2016.07.24-13.52.54:930][564]LogPlayLevel: PIE: World Init took: (0.000679s)
[2016.07.24-13.52.54:930][564]LogPlayLevel: PIE: Created PIE world by copying editor world from /Temp/Untitled_1.Untitled_1 to /Temp/UEDPIE_0_Untitled_1.Untitled_1 (0.003004s)
[2016.07.24-13.52.54:941][564]LogInit: XAudio2 using 'Speakers (Realtek High Definition Audio)' : 2 channels at 48 kHz using 32 bits per sample (channel mask 0x3)
[2016.07.24-13.